HoloGraphLibrary/build/intermediates/manifest_merge_blame_file/debug/manifest-merger-blame-debug-report.txt
1<?xml version="1.0" encoding="utf-8"?>
2<manifest xmlns:android="http://schemas.android.com/apk/res/android"
3    package="com.echo.holographlibrary"
4    android:versionCode="1"
5    android:versionName="1.0" >
6
7    <uses-sdk
8        android:minSdkVersion="8"
8-->Myo-HMI-Android-HACKberry-master\HoloGraphLibrary\AndroidManifest.xml
9        android:targetSdkVersion="16" />
9-->Myo-HMI-Android-HACKberry-master\HoloGraphLibrary\AndroidManifest.xml
10
11    <application
11-->Myo-HMI-Android-HACKberry-master\HoloGraphLibrary\AndroidManifest.xml:6:5-11:19
12        android:allowBackup="true"
12-->Myo-HMI-Android-HACKberry-master\HoloGraphLibrary\AndroidManifest.xml:7:9-35
13        android:icon="@drawable/ic_launcher"
13-->Myo-HMI-Android-HACKberry-master\HoloGraphLibrary\AndroidManifest.xml:8:9-45
14        android:label="@string/app_name"
14-->Myo-HMI-Android-HACKberry-master\HoloGraphLibrary\AndroidManifest.xml:9:9-41
15        android:theme="@style/AppTheme" >
15-->Myo-HMI-Android-HACKberry-master\HoloGraphLibrary\AndroidManifest.xml:10:9-40
16    </application>
17
18</manifest>